<?xml version="1.0" encoding="utf-8"?><testsuite errors="0" failures="1" name="pytest" skips="0" tests="1" time="0.620"><testcase classname="test_Log_in_successful.Untitled" name="test_untitled" time="0.0604069232941"><failure message="test failure">self = &lt;test_Log_in_successful.Untitled testMethod=test_untitled&gt;

    def setUp(self):
        self.verificationErrors = []
        self.selenium = selenium(&quot;localhost&quot;, 4444, &quot;*chrome&quot;, &quot;http://buymeapie.com/&quot;)
&gt;       self.selenium.start()

test_Log_in_successful.py:11: 
_ _ _ _ _ _ _ _ _ _ _ _ _ _ _ _ _ _ _ _ _ _ _ _ _ _ _ _ _ _ _ _ _ _ _ _ _ _ _ _ 

self = &lt;selenium.selenium.selenium object at 0x108698850&gt;
browserConfigurationOptions = None, driver = None

    def start(self, browserConfigurationOptions=None, driver=None):
        start_args = [self.browserStartCommand, self.browserURL, self.extensionJs]
        if browserConfigurationOptions:
          start_args.append(browserConfigurationOptions)
        if driver:
          start_args.append(&apos;webdriver.remote.sessionid=%s&apos; % driver.session_id)
&gt;       result = self.get_string(&quot;getNewBrowserSession&quot;, start_args)

/Library/Python/2.7/site-packages/selenium-2.39.0-py2.7.egg/selenium/selenium.py:197: 
_ _ _ _ _ _ _ _ _ _ _ _ _ _ _ _ _ _ _ _ _ _ _ _ _ _ _ _ _ _ _ _ _ _ _ _ _ _ _ _ 

self = &lt;selenium.selenium.selenium object at 0x108698850&gt;
verb = &apos;getNewBrowserSession&apos;, args = [&apos;*chrome&apos;, &apos;http://buymeapie.com/&apos;, &apos;&apos;]

    def get_string(self, verb, args):
&gt;       result = self.do_command(verb, args)

/Library/Python/2.7/site-packages/selenium-2.39.0-py2.7.egg/selenium/selenium.py:231: 
_ _ _ _ _ _ _ _ _ _ _ _ _ _ _ _ _ _ _ _ _ _ _ _ _ _ _ _ _ _ _ _ _ _ _ _ _ _ _ _ 

self = &lt;selenium.selenium.selenium object at 0x108698850&gt;
verb = &apos;getNewBrowserSession&apos;, args = [&apos;*chrome&apos;, &apos;http://buymeapie.com/&apos;, &apos;&apos;]

    def do_command(self, verb, args):
        conn = http_client.HTTPConnection(self.host, self.port, timeout=30)
        try:
            body = &apos;cmd=&apos; + urllib_parse.quote_plus(unicode(verb).encode(&apos;utf-8&apos;))
            for i in range(len(args)):
                body += &apos;&amp;&apos; + unicode(i+1) + &apos;=&apos; + \
                        urllib_parse.quote_plus(unicode(args[i]).encode(&apos;utf-8&apos;))
            if (None != self.sessionId):
                body += &quot;&amp;sessionId=&quot; + unicode(self.sessionId)
            headers = {
                &quot;Content-Type&quot;:
                &quot;application/x-www-form-urlencoded; charset=utf-8&quot;
            }
            conn.request(&quot;POST&quot;, &quot;/selenium-server/driver/&quot;, body, headers)
    
            response = conn.getresponse()
            data = unicode(response.read(), &quot;UTF-8&quot;)
            if (not data.startswith(&apos;OK&apos;)):
&gt;               raise Exception(data)
E               Exception: &lt;html&gt;
E               &lt;head&gt;
E               &lt;meta http-equiv=&quot;Content-Type&quot; content=&quot;text/html;charset=ISO-8859-1&quot;/&gt;
E               &lt;title&gt;Error 500 org.openqa.grid.common.exception.GridException: Error forwarding the new session cannot find : {browserName=*chrome}&lt;/title&gt;
E               &lt;/head&gt;
E               &lt;body&gt;
E               &lt;h2&gt;HTTP ERROR: 500&lt;/h2&gt;
E               &lt;p&gt;Problem accessing /selenium-server/driver/. Reason:
E               &lt;pre&gt;    org.openqa.grid.common.exception.GridException: Error forwarding the new session cannot find : {browserName=*chrome}&lt;/pre&gt;&lt;/p&gt;
E               &lt;hr /&gt;&lt;i&gt;&lt;small&gt;Powered by Jetty://&lt;/small&gt;&lt;/i&gt;
E                                                               
E                                                               
E                                                               
E                                                               
E                                                               
E                                                               
E                                                               
E                                                               
E                                                               
E                                                               
E                                                               
E                                                               
E                                                               
E                                                               
E                                                               
E                                                               
E                                                               
E                                                               
E                                                               
E                                                               
E               &lt;/body&gt;
E               &lt;/html&gt;

/Library/Python/2.7/site-packages/selenium-2.39.0-py2.7.egg/selenium/selenium.py:225: Exception</failure></testcase></testsuite>